<?xml version="1.0" encoding="UTF-8"?>
<testng-results ignored="0" total="1" passed="1" failed="0" skipped="0">
  <reporter-output>
  </reporter-output>
  <suite started-at="2023-05-27T17:14:58 IST" name="Default suite" finished-at="2023-05-27T17:15:11 IST" duration-ms="12947">
    <groups>
    </groups>
    <test started-at="2023-05-27T17:14:58 IST" name="Default test" finished-at="2023-05-27T17:15:11 IST" duration-ms="12947">
      <class name="ai.iamneo.assignmenttwo.Testing_Selenium_TestngTwo.AppTest">
        <test-method is-config="true" signature="setUp()[pri:0, instance:ai.iamneo.assignmenttwo.Testing_Selenium_TestngTwo.AppTest@6bd61f98]" started-at="2023-05-27T17:14:58 IST" name="setUp" finished-at="2023-05-27T17:15:03 IST" duration-ms="4139" status="PASS">
          <reporter-output>
          </reporter-output>
        </test-method> <!-- setUp -->
        <test-method signature="titlematch()[pri:0, instance:ai.iamneo.assignmenttwo.Testing_Selenium_TestngTwo.AppTest@6bd61f98]" started-at="2023-05-27T17:15:03 IST" name="titlematch" finished-at="2023-05-27T17:15:04 IST" duration-ms="1515" status="PASS">
          <reporter-output>
          </reporter-output>
        </test-method> <!-- titlematch -->
        <test-method is-config="true" signature="facebooksignup()[pri:0, instance:ai.iamneo.assignmenttwo.Testing_Selenium_TestngTwo.AppTest@6bd61f98]" started-at="2023-05-27T17:15:04 IST" name="facebooksignup" finished-at="2023-05-27T17:15:11 IST" duration-ms="7247" status="PASS">
          <reporter-output>
          </reporter-output>
        </test-method> <!-- facebooksignup -->
      </class> <!-- ai.iamneo.assignmenttwo.Testing_Selenium_TestngTwo.AppTest -->
    </test> <!-- Default test -->
  </suite> <!-- Default suite -->
</testng-results>
